Copyright 1986-2022 Xilinx, Inc. All Rights Reserved. Copyright 2022-2024 Advanced Micro Devices, Inc. All Rights Reserved.
---------------------------------------------------------------------------------------------------------------------------------------------
| Tool Version : Vivado v.2024.1 (lin64) Build 5076996 Wed May 22 18:36:09 MDT 2024
| Date         : Thu Mar 19 03:02:24 2026
| Host         : correlator6.fnal.gov running 64-bit AlmaLinux release 9.7 (Moss Jungle Cat)
| Command      : report_timing -file out/post_route_timing.rpt -sort_by group -max_paths 100 -path_type summary
| Design       : red_pitaya_top
| Device       : 7z010-clg400
| Speed File   : -1  PRODUCTION 1.12 2019-11-22
| Design State : Routed
---------------------------------------------------------------------------------------------------------------------------------------------

Timing Report

Startpoint                     Endpoint                       Slack(ns)     
----------------------------------------------------------------------------
i_dsp/genblk7[7].iq_2_outputs/quadrature_filter_reg[7]/C
                               i_dsp/genblk7[7].iq_2_outputs/modulator/secondproduct1/D[7]
                                                              -4.826        
i_dsp/genblk7[7].iq_2_outputs/quadrature_filter_reg[7]/C
                               i_dsp/genblk7[7].iq_2_outputs/modulator/secondproduct1/D[10]
                                                              -4.779        
i_dsp/genblk7[7].iq_2_outputs/quadrature_filter_reg[7]/C
                               i_dsp/genblk7[7].iq_2_outputs/modulator/secondproduct1/D[0]
                                                              -4.773        
i_dsp/genblk7[7].iq_2_outputs/quadrature_filter_reg[7]/C
                               i_dsp/genblk7[7].iq_2_outputs/modulator/secondproduct1/D[6]
                                                              -4.643        
i_dsp/genblk7[7].iq_2_outputs/quadrature_filter_reg[7]/C
                               i_dsp/genblk7[7].iq_2_outputs/modulator/secondproduct1/D[2]
                                                              -4.634        
i_dsp/genblk4[4].iir/y1a_reg[1]/C
                               i_dsp/genblk4[4].iir/p_ay1_reg[21]/D
                                                              -4.633        
i_dsp/genblk4[4].iir/y1a_reg[1]/C
                               i_dsp/genblk4[4].iir/p_ay1_reg[7]/D
                                                              -4.617        
i_dsp/genblk4[4].iir/y1a_reg[1]/C
                               i_dsp/genblk4[4].iir/p_ay1_reg[23]/D
                                                              -4.615        
i_dsp/genblk7[7].iq_2_outputs/quadrature_filter_reg[7]/C
                               i_dsp/genblk7[7].iq_2_outputs/modulator/secondproduct1/D[12]
                                                              -4.613        
i_dsp/genblk4[4].iir/y1a_reg[1]/C
                               i_dsp/genblk4[4].iir/p_ay1_reg[26]/D
                                                              -4.592        
i_dsp/genblk7[7].iq_2_outputs/quadrature_filter_reg[7]/C
                               i_dsp/genblk7[7].iq_2_outputs/modulator/secondproduct1/D[11]
                                                              -4.590        
i_dsp/genblk7[7].iq_2_outputs/quadrature_filter_reg[7]/C
                               i_dsp/genblk7[7].iq_2_outputs/modulator/secondproduct1/D[9]
                                                              -4.589        
i_dsp/genblk7[7].iq_2_outputs/quadrature_filter_reg[7]/C
                               i_dsp/genblk7[7].iq_2_outputs/modulator/secondproduct1/D[8]
                                                              -4.589        
i_dsp/genblk4[4].iir/x1b_reg[16]/C
                               i_dsp/genblk4[4].iir/p_bx1_reg[27]/D
                                                              -4.570        
i_dsp/genblk7[7].iq_2_outputs/quadrature_filter_reg[7]/C
                               i_dsp/genblk7[7].iq_2_outputs/modulator/secondproduct1/D[1]
                                                              -4.569        
i_dsp/genblk4[4].iir/x1b_reg[16]/C
                               i_dsp/genblk4[4].iir/p_bx1_reg[8]/D
                                                              -4.565        
i_dsp/genblk7[7].iq_2_outputs/quadrature_filter_reg[7]/C
                               i_dsp/genblk7[7].iq_2_outputs/modulator/secondproduct1/D[3]
                                                              -4.563        
i_dsp/genblk7[7].iq_2_outputs/quadrature_filter_reg[7]/C
                               i_dsp/genblk7[7].iq_2_outputs/modulator/secondproduct1/D[4]
                                                              -4.560        
i_dsp/genblk4[4].iir/x0b_reg[14]/C
                               i_dsp/genblk4[4].iir/p_bx0_reg[13]/D
                                                              -4.560        
i_dsp/genblk4[4].iir/x1b_reg[16]/C
                               i_dsp/genblk4[4].iir/p_bx1_reg[28]/D
                                                              -4.551        
i_dsp/genblk4[4].iir/y1a_reg[1]/C
                               i_dsp/genblk4[4].iir/p_ay1_reg[15]/D
                                                              -4.548        
i_dsp/genblk4[4].iir/y2a_reg[12]/C
                               i_dsp/genblk4[4].iir/p_ay2_reg[29]/D
                                                              -4.547        
i_dsp/genblk4[4].iir/y1a_reg[1]/C
                               i_dsp/genblk4[4].iir/p_ay1_reg[6]/D
                                                              -4.546        
i_dsp/genblk4[4].iir/y1a_reg[1]/C
                               i_dsp/genblk4[4].iir/p_ay1_reg[27]/D
                                                              -4.542        
i_dsp/genblk4[4].iir/y1a_reg[1]/C
                               i_dsp/genblk4[4].iir/p_ay1_reg[28]/D
                                                              -4.542        
i_dsp/genblk4[4].iir/x1b_reg[16]/C
                               i_dsp/genblk4[4].iir/p_bx1_reg[25]/D
                                                              -4.541        
i_dsp/genblk4[4].iir/y1a_reg[1]/C
                               i_dsp/genblk4[4].iir/p_ay1_reg[10]/D
                                                              -4.540        
i_dsp/genblk4[4].iir/x1b_reg[16]/C
                               i_dsp/genblk4[4].iir/p_bx1_reg[9]/D
                                                              -4.538        
i_dsp/genblk4[4].iir/x0b_reg[14]/C
                               i_dsp/genblk4[4].iir/p_bx0_reg[4]/D
                                                              -4.538        
i_dsp/genblk4[4].iir/y1a_reg[1]/C
                               i_dsp/genblk4[4].iir/p_ay1_reg[3]/D
                                                              -4.536        
i_dsp/genblk4[4].iir/y1a_reg[1]/C
                               i_dsp/genblk4[4].iir/p_ay1_reg[17]/D
                                                              -4.531        
i_dsp/genblk4[4].iir/x1b_reg[16]/C
                               i_dsp/genblk4[4].iir/p_bx1_reg[11]/D
                                                              -4.528        
i_dsp/genblk4[4].iir/y2a_reg[12]/C
                               i_dsp/genblk4[4].iir/p_ay2_reg[30]/D
                                                              -4.512        
i_dsp/genblk4[4].iir/y1a_reg[1]/C
                               i_dsp/genblk4[4].iir/p_ay1_reg[30]/D
                                                              -4.502        
i_dsp/genblk4[4].iir/y2a_reg[12]/C
                               i_dsp/genblk4[4].iir/p_ay2_reg[5]/D
                                                              -4.498        
i_dsp/genblk4[4].iir/y2a_reg[12]/C
                               i_dsp/genblk4[4].iir/overflow_reg[1]/D
                                                              -4.496        
i_dsp/genblk4[4].iir/y1a_reg[1]/C
                               i_dsp/genblk4[4].iir/p_ay1_reg[19]/D
                                                              -4.496        
i_dsp/genblk4[4].iir/x1b_reg[16]/C
                               i_dsp/genblk4[4].iir/p_bx1_reg[24]/D
                                                              -4.494        
i_dsp/genblk4[4].iir/y1a_reg[1]/C
                               i_dsp/genblk4[4].iir/overflow_reg[0]/D
                                                              -4.489        
i_dsp/genblk4[4].iir/x1b_reg[16]/C
                               i_dsp/genblk4[4].iir/p_bx1_reg[4]/D
                                                              -4.486        
i_dsp/genblk4[4].iir/x1b_reg[16]/C
                               i_dsp/genblk4[4].iir/p_bx1_reg[3]/D
                                                              -4.486        
i_dsp/genblk4[4].iir/y1a_reg[1]/C
                               i_dsp/genblk4[4].iir/p_ay1_reg[24]/D
                                                              -4.485        
i_dsp/genblk4[4].iir/x0b_reg[14]/C
                               i_dsp/genblk4[4].iir/p_bx0_reg[26]/D
                                                              -4.479        
i_dsp/genblk4[4].iir/y1a_reg[1]/C
                               i_dsp/genblk4[4].iir/p_ay1_reg[5]/D
                                                              -4.475        
i_dsp/genblk4[4].iir/x0b_reg[14]/C
                               i_dsp/genblk4[4].iir/p_bx0_reg[6]/D
                                                              -4.473        
i_dsp/genblk4[4].iir/y2a_reg[12]/C
                               i_dsp/genblk4[4].iir/p_ay2_reg[25]/D
                                                              -4.473        
i_dsp/genblk4[4].iir/x0b_reg[14]/C
                               i_dsp/genblk4[4].iir/p_bx0_reg[5]/D
                                                              -4.469        
i_dsp/genblk4[4].iir/y1a_reg[1]/C
                               i_dsp/genblk4[4].iir/p_ay1_reg[1]/D
                                                              -4.467        
i_dsp/genblk4[4].iir/y2a_reg[12]/C
                               i_dsp/genblk4[4].iir/p_ay2_reg[28]/D
                                                              -4.464        
i_dsp/genblk4[4].iir/y2a_reg[12]/C
                               i_dsp/genblk4[4].iir/p_ay2_reg[7]/D
                                                              -4.461        
i_dsp/genblk7[7].iq_2_outputs/quadrature_filter_reg[7]/C
                               i_dsp/genblk7[7].iq_2_outputs/modulator/secondproduct1/D[5]
                                                              -4.455        
i_dsp/genblk4[4].iir/x1b_reg[16]/C
                               i_dsp/genblk4[4].iir/p_bx1_reg[14]/D
                                                              -4.453        
i_dsp/genblk4[4].iir/y1a_reg[1]/C
                               i_dsp/genblk4[4].iir/p_ay1_reg[25]/D
                                                              -4.452        
i_dsp/genblk4[4].iir/y1a_reg[1]/C
                               i_dsp/genblk4[4].iir/p_ay1_reg[14]/D
                                                              -4.448        
i_dsp/genblk4[4].iir/y1a_reg[1]/C
                               i_dsp/genblk4[4].iir/p_ay1_reg[2]/D
                                                              -4.448        
i_dsp/genblk4[4].iir/x1b_reg[16]/C
                               i_dsp/genblk4[4].iir/p_bx1_reg[0]/D
                                                              -4.447        
i_dsp/genblk4[4].iir/x0b_reg[14]/C
                               i_dsp/genblk4[4].iir/p_bx0_reg[27]/D
                                                              -4.446        
i_dsp/genblk4[4].iir/x1b_reg[16]/C
                               i_dsp/genblk4[4].iir/overflow_reg[4]/D
                                                              -4.444        
i_dsp/genblk4[4].iir/y2a_reg[12]/C
                               i_dsp/genblk4[4].iir/p_ay2_reg[9]/D
                                                              -4.443        
i_dsp/genblk4[4].iir/x1b_reg[16]/C
                               i_dsp/genblk4[4].iir/p_bx1_reg[22]/D
                                                              -4.443        
i_dsp/genblk4[4].iir/x1b_reg[16]/C
                               i_dsp/genblk4[4].iir/p_bx1_reg[20]/D
                                                              -4.443        
i_dsp/genblk4[4].iir/x1b_reg[16]/C
                               i_dsp/genblk4[4].iir/p_bx1_reg[2]/D
                                                              -4.441        
i_dsp/genblk4[4].iir/y1a_reg[1]/C
                               i_dsp/genblk4[4].iir/p_ay1_reg[16]/D
                                                              -4.439        
i_dsp/genblk4[4].iir/y1a_reg[1]/C
                               i_dsp/genblk4[4].iir/p_ay1_reg[18]/D
                                                              -4.433        
i_dsp/genblk4[4].iir/x1b_reg[16]/C
                               i_dsp/genblk4[4].iir/p_bx1_reg[16]/D
                                                              -4.429        
i_dsp/genblk4[4].iir/y2a_reg[12]/C
                               i_dsp/genblk4[4].iir/p_ay2_reg[6]/D
                                                              -4.419        
i_dsp/genblk4[4].iir/x1b_reg[16]/C
                               i_dsp/genblk4[4].iir/p_bx1_reg[19]/D
                                                              -4.419        
i_dsp/genblk4[4].iir/y2a_reg[3]/C
                               i_dsp/genblk4[4].iir/p_ay2_reg[22]/D
                                                              -4.416        
i_dsp/genblk4[4].iir/x1b_reg[16]/C
                               i_dsp/genblk4[4].iir/p_bx1_reg[18]/D
                                                              -4.411        
i_dsp/genblk4[4].iir/x0b_reg[14]/C
                               i_dsp/genblk4[4].iir/p_bx0_reg[14]/D
                                                              -4.402        
i_dsp/genblk4[4].iir/y1a_reg[1]/C
                               i_dsp/genblk4[4].iir/p_ay1_reg[22]/D
                                                              -4.399        
i_dsp/genblk4[4].iir/x1b_reg[16]/C
                               i_dsp/genblk4[4].iir/p_bx1_reg[15]/D
                                                              -4.398        
i_dsp/genblk4[4].iir/x1b_reg[16]/C
                               i_dsp/genblk4[4].iir/p_bx1_reg[23]/D
                                                              -4.397        
i_dsp/genblk4[4].iir/x1b_reg[16]/C
                               i_dsp/genblk4[4].iir/p_bx1_reg[13]/D
                                                              -4.396        
i_dsp/genblk4[4].iir/x0b_reg[14]/C
                               i_dsp/genblk4[4].iir/p_bx0_reg[17]/D
                                                              -4.395        
i_dsp/genblk4[4].iir/x0b_reg[14]/C
                               i_dsp/genblk4[4].iir/p_bx0_reg[3]/D
                                                              -4.393        
i_dsp/genblk4[4].iir/x0b_reg[14]/C
                               i_dsp/genblk4[4].iir/p_bx0_reg[12]/D
                                                              -4.391        
i_dsp/genblk4[4].iir/x1b_reg[16]/C
                               i_dsp/genblk4[4].iir/p_bx1_reg[30]/D
                                                              -4.386        
i_dsp/genblk4[4].iir/x1b_reg[16]/C
                               i_dsp/genblk4[4].iir/p_bx1_reg[21]/D
                                                              -4.386        
i_dsp/genblk4[4].iir/y2a_reg[12]/C
                               i_dsp/genblk4[4].iir/p_ay2_reg[15]/D
                                                              -4.385        
i_dsp/genblk4[4].iir/x1b_reg[16]/C
                               i_dsp/genblk4[4].iir/p_bx1_reg[1]/D
                                                              -4.383        
i_dsp/genblk4[4].iir/x1b_reg[16]/C
                               i_dsp/genblk4[4].iir/p_bx1_reg[29]/D
                                                              -4.383        
i_dsp/genblk4[4].iir/y2a_reg[12]/C
                               i_dsp/genblk4[4].iir/p_ay2_reg[2]/D
                                                              -4.379        
i_dsp/genblk4[4].iir/y1a_reg[1]/C
                               i_dsp/genblk4[4].iir/p_ay1_reg[29]/D
                                                              -4.375        
i_dsp/genblk4[4].iir/y1a_reg[1]/C
                               i_dsp/genblk4[4].iir/p_ay1_reg[9]/D
                                                              -4.375        
i_dsp/genblk4[4].iir/y1a_reg[1]/C
                               i_dsp/genblk4[4].iir/p_ay1_reg[12]/D
                                                              -4.373        
i_dsp/genblk4[4].iir/y1a_reg[1]/C
                               i_dsp/genblk4[4].iir/p_ay1_reg[13]/D
                                                              -4.370        
i_dsp/genblk4[4].iir/x1b_reg[16]/C
                               i_dsp/genblk4[4].iir/p_bx1_reg[12]/D
                                                              -4.369        
i_dsp/genblk4[4].iir/x1b_reg[16]/C
                               i_dsp/genblk4[4].iir/p_bx1_reg[7]/D
                                                              -4.369        
i_dsp/genblk4[4].iir/x1b_reg[16]/C
                               i_dsp/genblk4[4].iir/p_bx1_reg[17]/D
                                                              -4.368        
i_dsp/genblk4[4].iir/x0b_reg[14]/C
                               i_dsp/genblk4[4].iir/p_bx0_reg[10]/D
                                                              -4.364        
i_dsp/genblk4[4].iir/y2a_reg[12]/C
                               i_dsp/genblk4[4].iir/p_ay2_reg[10]/D
                                                              -4.364        
i_dsp/genblk4[4].iir/y2a_reg[12]/C
                               i_dsp/genblk4[4].iir/p_ay2_reg[0]/D
                                                              -4.361        
i_dsp/genblk4[4].iir/x0b_reg[14]/C
                               i_dsp/genblk4[4].iir/p_bx0_reg[11]/D
                                                              -4.360        
i_dsp/genblk4[4].iir/x1b_reg[16]/C
                               i_dsp/genblk4[4].iir/p_bx1_reg[10]/D
                                                              -4.356        
i_dsp/genblk4[4].iir/y1a_reg[1]/C
                               i_dsp/genblk4[4].iir/p_ay1_reg[20]/D
                                                              -4.356        
i_dsp/genblk4[4].iir/y1a_reg[1]/C
                               i_dsp/genblk4[4].iir/p_ay1_reg[4]/D
                                                              -4.350        
i_dsp/genblk4[4].iir/y1a_reg[1]/C
                               i_dsp/genblk4[4].iir/p_ay1_reg[8]/D
                                                              -4.350        
i_dsp/genblk4[4].iir/y2a_reg[12]/C
                               i_dsp/genblk4[4].iir/p_ay2_reg[26]/D
                                                              -4.347        
i_dsp/genblk4[4].iir/y1a_reg[1]/C
                               i_dsp/genblk4[4].iir/p_ay1_reg[11]/D
                                                              -4.341        
pwm[1]/v_r_reg[3]/C            pwm[1]/pwm_o_reg/D             -0.459        
pwm[3]/v_r_reg[7]/C            pwm[3]/pwm_o_reg/D             -0.295        
i_ps/system_i/system_i/axi_protocol_converter_0/inst/gen_axilite.gen_b2s_conv.axilite_b2s/SI_REG/aw.aw_pipe/m_payload_i_reg[39]/C
                               i_ps/system_i/system_i/axi_protocol_converter_0/inst/gen_axilite.gen_b2s_conv.axilite_b2s/WR.aw_channel_0/cmd_translator_0/incr_cmd_0/axaddr_incr_reg[4]/D
                                                              -0.249        
pwm[2]/v_r_reg[2]/C            pwm[2]/pwm_o_reg/D             -0.190        
i_ps/system_i/system_i/axi_protocol_converter_0/inst/gen_axilite.gen_b2s_conv.axilite_b2s/SI_REG/aw.aw_pipe/m_payload_i_reg[39]/C
                               i_ps/system_i/system_i/axi_protocol_converter_0/inst/gen_axilite.gen_b2s_conv.axilite_b2s/WR.aw_channel_0/cmd_translator_0/incr_cmd_0/axlen_cnt_reg[3]/CE
                                                              -0.183        
i_ps/system_i/system_i/xadc/inst/AXI_LITE_IPIF_I/I_SLAVE_ATTACHMENT/INCLUDE_DPHASE_TIMER.dpto_cnt_reg[6]/C
                               i_ps/system_i/system_i/axi_protocol_converter_0/inst/gen_axilite.gen_b2s_conv.axilite_b2s/RD.ar_channel_0/cmd_translator_0/incr_cmd_0/axaddr_incr_reg[5]/D
                                                              -0.138        
pwm[0]/v_r_reg[0]/C            pwm[0]/pwm_o_reg/D             -0.125        
i_ps/system_i/system_i/xadc/inst/AXI_LITE_IPIF_I/I_SLAVE_ATTACHMENT/INCLUDE_DPHASE_TIMER.dpto_cnt_reg[6]/C
                               i_ps/system_i/system_i/axi_protocol_converter_0/inst/gen_axilite.gen_b2s_conv.axilite_b2s/RD.ar_channel_0/cmd_translator_0/incr_cmd_0/axlen_cnt_reg[2]/CE
                                                              -0.102        
i_ps/system_i/system_i/xadc/inst/AXI_LITE_IPIF_I/I_SLAVE_ATTACHMENT/INCLUDE_DPHASE_TIMER.dpto_cnt_reg[6]/C
                               i_ps/system_i/system_i/axi_protocol_converter_0/inst/gen_axilite.gen_b2s_conv.axilite_b2s/RD.ar_channel_0/cmd_translator_0/incr_cmd_0/axaddr_incr_reg[7]/D
                                                              -0.101        
i_ps/system_i/system_i/xadc/inst/AXI_LITE_IPIF_I/I_SLAVE_ATTACHMENT/INCLUDE_DPHASE_TIMER.dpto_cnt_reg[6]/C
                               i_ps/system_i/system_i/axi_protocol_converter_0/inst/gen_axilite.gen_b2s_conv.axilite_b2s/RD.ar_channel_0/cmd_translator_0/incr_cmd_0/axaddr_incr_reg[9]/D
                                                              -0.098        
i_ps/system_i/system_i/xadc/inst/AXI_LITE_IPIF_I/I_SLAVE_ATTACHMENT/INCLUDE_DPHASE_TIMER.dpto_cnt_reg[6]/C
                               i_ps/system_i/system_i/axi_protocol_converter_0/inst/gen_axilite.gen_b2s_conv.axilite_b2s/RD.ar_channel_0/cmd_translator_0/incr_cmd_0/axlen_cnt_reg[0]/CE
                                                              -0.080        
i_ps/system_i/system_i/xadc/inst/AXI_LITE_IPIF_I/I_SLAVE_ATTACHMENT/INCLUDE_DPHASE_TIMER.dpto_cnt_reg[6]/C
                               i_ps/system_i/system_i/axi_protocol_converter_0/inst/gen_axilite.gen_b2s_conv.axilite_b2s/RD.ar_channel_0/cmd_translator_0/incr_cmd_0/axlen_cnt_reg[1]/CE
                                                              -0.080        
i_ps/system_i/system_i/xadc/inst/AXI_LITE_IPIF_I/I_SLAVE_ATTACHMENT/INCLUDE_DPHASE_TIMER.dpto_cnt_reg[6]/C
                               i_ps/system_i/system_i/axi_protocol_converter_0/inst/gen_axilite.gen_b2s_conv.axilite_b2s/RD.ar_channel_0/cmd_translator_0/incr_cmd_0/axlen_cnt_reg[3]/CE
                                                              -0.080        
i_ps/system_i/system_i/xadc/inst/AXI_LITE_IPIF_I/I_SLAVE_ATTACHMENT/INCLUDE_DPHASE_TIMER.dpto_cnt_reg[6]/C
                               i_ps/system_i/system_i/axi_protocol_converter_0/inst/gen_axilite.gen_b2s_conv.axilite_b2s/RD.ar_channel_0/cmd_translator_0/incr_cmd_0/axlen_cnt_reg[8]/CE
                                                              -0.080        
i_ps/system_i/system_i/axi_protocol_converter_0/inst/gen_axilite.gen_b2s_conv.axilite_b2s/SI_REG/aw.aw_pipe/m_payload_i_reg[39]/C
                               i_ps/system_i/system_i/axi_protocol_converter_0/inst/gen_axilite.gen_b2s_conv.axilite_b2s/WR.aw_channel_0/cmd_translator_0/incr_cmd_0/axaddr_incr_reg[1]/D
                                                              -0.044        
i_ps/system_i/system_i/xadc/inst/AXI_LITE_IPIF_I/I_SLAVE_ATTACHMENT/INCLUDE_DPHASE_TIMER.dpto_cnt_reg[6]/C
                               i_ps/system_i/system_i/axi_protocol_converter_0/inst/gen_axilite.gen_b2s_conv.axilite_b2s/RD.ar_channel_0/cmd_translator_0/s_axburst_eq0_reg/D
                                                              -0.036        
i_ps/system_i/system_i/xadc/inst/AXI_LITE_IPIF_I/I_SLAVE_ATTACHMENT/INCLUDE_DPHASE_TIMER.dpto_cnt_reg[6]/C
                               i_ps/system_i/system_i/axi_protocol_converter_0/inst/gen_axilite.gen_b2s_conv.axilite_b2s/RD.ar_channel_0/cmd_translator_0/s_axburst_eq1_reg/D
                                                              -0.021        
i_ps/system_i/system_i/xadc/inst/AXI_LITE_IPIF_I/I_SLAVE_ATTACHMENT/INCLUDE_DPHASE_TIMER.dpto_cnt_reg[6]/C
                               i_ps/system_i/system_i/axi_protocol_converter_0/inst/gen_axilite.gen_b2s_conv.axilite_b2s/RD.ar_channel_0/cmd_translator_0/incr_cmd_0/axaddr_incr_reg[6]/D
                                                              0.000         
i_ps/system_i/system_i/axi_protocol_converter_0/inst/gen_axilite.gen_b2s_conv.axilite_b2s/SI_REG/aw.aw_pipe/m_payload_i_reg[39]/C
                               i_ps/system_i/system_i/axi_protocol_converter_0/inst/gen_axilite.gen_b2s_conv.axilite_b2s/WR.aw_channel_0/cmd_translator_0/s_axburst_eq0_reg/D
                                                              0.001         
i_ps/system_i/system_i/axi_protocol_converter_0/inst/gen_axilite.gen_b2s_conv.axilite_b2s/SI_REG/aw.aw_pipe/m_payload_i_reg[39]/C
                               i_ps/system_i/system_i/axi_protocol_converter_0/inst/gen_axilite.gen_b2s_conv.axilite_b2s/WR.aw_channel_0/cmd_translator_0/incr_cmd_0/axlen_cnt_reg[0]/CE
                                                              0.007         
i_ps/system_i/system_i/axi_protocol_converter_0/inst/gen_axilite.gen_b2s_conv.axilite_b2s/SI_REG/aw.aw_pipe/m_payload_i_reg[39]/C
                               i_ps/system_i/system_i/axi_protocol_converter_0/inst/gen_axilite.gen_b2s_conv.axilite_b2s/WR.aw_channel_0/cmd_translator_0/incr_cmd_0/axlen_cnt_reg[1]/CE
                                                              0.007         
i_ps/system_i/system_i/axi_protocol_converter_0/inst/gen_axilite.gen_b2s_conv.axilite_b2s/SI_REG/aw.aw_pipe/m_payload_i_reg[39]/C
                               i_ps/system_i/system_i/axi_protocol_converter_0/inst/gen_axilite.gen_b2s_conv.axilite_b2s/WR.aw_channel_0/cmd_translator_0/incr_cmd_0/axlen_cnt_reg[2]/CE
                                                              0.007         
i_ps/system_i/system_i/axi_protocol_converter_0/inst/gen_axilite.gen_b2s_conv.axilite_b2s/SI_REG/aw.aw_pipe/m_payload_i_reg[39]/C
                               i_ps/system_i/system_i/axi_protocol_converter_0/inst/gen_axilite.gen_b2s_conv.axilite_b2s/WR.aw_channel_0/cmd_translator_0/incr_cmd_0/axlen_cnt_reg[8]/CE
                                                              0.007         
i_ps/system_i/system_i/axi_protocol_converter_0/inst/gen_axilite.gen_b2s_conv.axilite_b2s/RD.ar_channel_0/cmd_translator_0/wrap_cmd_0/sel_first_reg/C
                               i_ps/system_i/system_i/xadc/inst/AXI_XADC_CORE_I/XADC_INST/DADDR[6]
                                                              0.021         
i_ps/system_i/system_i/xadc/inst/AXI_LITE_IPIF_I/I_SLAVE_ATTACHMENT/INCLUDE_DPHASE_TIMER.dpto_cnt_reg[6]/C
                               i_ps/system_i/system_i/axi_protocol_converter_0/inst/gen_axilite.gen_b2s_conv.axilite_b2s/RD.ar_channel_0/cmd_translator_0/incr_cmd_0/axlen_cnt_reg[4]/CE
                                                              0.027         
i_ps/system_i/system_i/xadc/inst/AXI_LITE_IPIF_I/I_SLAVE_ATTACHMENT/INCLUDE_DPHASE_TIMER.dpto_cnt_reg[6]/C
                               i_ps/system_i/system_i/axi_protocol_converter_0/inst/gen_axilite.gen_b2s_conv.axilite_b2s/RD.ar_channel_0/cmd_translator_0/incr_cmd_0/axlen_cnt_reg[5]/CE
                                                              0.027         
i_ps/system_i/system_i/xadc/inst/AXI_LITE_IPIF_I/I_SLAVE_ATTACHMENT/INCLUDE_DPHASE_TIMER.dpto_cnt_reg[6]/C
                               i_ps/system_i/system_i/axi_protocol_converter_0/inst/gen_axilite.gen_b2s_conv.axilite_b2s/RD.ar_channel_0/cmd_translator_0/incr_cmd_0/axlen_cnt_reg[6]/CE
                                                              0.027         
i_ps/system_i/system_i/xadc/inst/AXI_LITE_IPIF_I/I_SLAVE_ATTACHMENT/INCLUDE_DPHASE_TIMER.dpto_cnt_reg[6]/C
                               i_ps/system_i/system_i/axi_protocol_converter_0/inst/gen_axilite.gen_b2s_conv.axilite_b2s/RD.ar_channel_0/cmd_translator_0/incr_cmd_0/axlen_cnt_reg[7]/CE
                                                              0.027         
i_ps/system_i/system_i/xadc/inst/AXI_LITE_IPIF_I/I_SLAVE_ATTACHMENT/INCLUDE_DPHASE_TIMER.dpto_cnt_reg[6]/C
                               i_ps/system_i/system_i/axi_protocol_converter_0/inst/gen_axilite.gen_b2s_conv.axilite_b2s/RD.ar_channel_0/cmd_translator_0/incr_cmd_0/axaddr_incr_reg[8]/D
                                                              0.027         
i_ps/system_i/system_i/axi_protocol_converter_0/inst/gen_axilite.gen_b2s_conv.axilite_b2s/SI_REG/ar.ar_pipe/m_payload_i_reg[5]/C
                               i_ps/system_i/system_i/xadc/inst/AXI_LITE_IPIF_I/I_SLAVE_ATTACHMENT/I_DECODER/GEN_BKEND_CE_REGISTERS[3].ce_out_i_reg[3]/D
                                                              0.044         
i_ps/system_i/system_i/axi_protocol_converter_0/inst/gen_axilite.gen_b2s_conv.axilite_b2s/SI_REG/aw.aw_pipe/m_payload_i_reg[39]/C
                               i_ps/system_i/system_i/axi_protocol_converter_0/inst/gen_axilite.gen_b2s_conv.axilite_b2s/WR.aw_channel_0/cmd_translator_0/s_axburst_eq1_reg/D
                                                              0.050         
i_ps/system_i/system_i/axi_protocol_converter_0/inst/gen_axilite.gen_b2s_conv.axilite_b2s/SI_REG/ar.ar_pipe/m_payload_i_reg[5]/C
                               i_ps/system_i/system_i/xadc/inst/AXI_LITE_IPIF_I/I_SLAVE_ATTACHMENT/I_DECODER/GEN_BKEND_CE_REGISTERS[6].ce_out_i_reg[6]/D
                                                              0.060         
i_ps/system_i/system_i/axi_protocol_converter_0/inst/gen_axilite.gen_b2s_conv.axilite_b2s/SI_REG/ar.ar_pipe/m_payload_i_reg[5]/C
                               i_ps/system_i/system_i/xadc/inst/AXI_LITE_IPIF_I/I_SLAVE_ATTACHMENT/I_DECODER/GEN_BKEND_CE_REGISTERS[4].ce_out_i_reg[4]/D
                                                              0.062         
i_ps/system_i/system_i/axi_protocol_converter_0/inst/gen_axilite.gen_b2s_conv.axilite_b2s/SI_REG/ar.ar_pipe/m_payload_i_reg[5]/C
                               i_ps/system_i/system_i/xadc/inst/AXI_LITE_IPIF_I/I_SLAVE_ATTACHMENT/I_DECODER/GEN_BKEND_CE_REGISTERS[7].ce_out_i_reg[7]/D
                                                              0.070         
i_ps/system_i/system_i/axi_protocol_converter_0/inst/gen_axilite.gen_b2s_conv.axilite_b2s/SI_REG/aw.aw_pipe/m_payload_i_reg[39]/C
                               i_ps/system_i/system_i/axi_protocol_converter_0/inst/gen_axilite.gen_b2s_conv.axilite_b2s/WR.aw_channel_0/cmd_translator_0/incr_cmd_0/axaddr_incr_reg[9]/D
                                                              0.078         
i_ps/system_i/system_i/axi_protocol_converter_0/inst/gen_axilite.gen_b2s_conv.axilite_b2s/RD.ar_channel_0/ar_cmd_fsm_0/FSM_sequential_state_reg[0]/C
                               i_ps/system_i/system_i/axi_protocol_converter_0/inst/gen_axilite.gen_b2s_conv.axilite_b2s/RD.ar_channel_0/cmd_translator_0/wrap_cmd_0/wrap_cnt_r_reg[3]/D
                                                              0.085         
i_ps/system_i/system_i/xadc/inst/AXI_LITE_IPIF_I/I_SLAVE_ATTACHMENT/INCLUDE_DPHASE_TIMER.dpto_cnt_reg[6]/C
                               i_ps/system_i/system_i/axi_protocol_converter_0/inst/gen_axilite.gen_b2s_conv.axilite_b2s/RD.ar_channel_0/cmd_translator_0/incr_cmd_0/axaddr_incr_reg[4]/D
                                                              0.089         
i_ps/system_i/system_i/axi_protocol_converter_0/inst/gen_axilite.gen_b2s_conv.axilite_b2s/SI_REG/ar.ar_pipe/m_payload_i_reg[5]/C
                               i_ps/system_i/system_i/xadc/inst/AXI_LITE_IPIF_I/I_SLAVE_ATTACHMENT/I_DECODER/GEN_BKEND_CE_REGISTERS[2].ce_out_i_reg[2]/D
                                                              0.089         
i_ps/system_i/system_i/xadc/inst/AXI_LITE_IPIF_I/I_SLAVE_ATTACHMENT/INCLUDE_DPHASE_TIMER.dpto_cnt_reg[6]/C
                               i_ps/system_i/system_i/axi_protocol_converter_0/inst/gen_axilite.gen_b2s_conv.axilite_b2s/RD.ar_channel_0/cmd_translator_0/incr_cmd_0/axaddr_incr_reg[0]/CE
                                                              0.097         
i_ps/system_i/system_i/xadc/inst/AXI_LITE_IPIF_I/I_SLAVE_ATTACHMENT/INCLUDE_DPHASE_TIMER.dpto_cnt_reg[6]/C
                               i_ps/system_i/system_i/axi_protocol_converter_0/inst/gen_axilite.gen_b2s_conv.axilite_b2s/RD.ar_channel_0/cmd_translator_0/incr_cmd_0/axaddr_incr_reg[3]/CE
                                                              0.097         
i_ps/system_i/system_i/xadc/inst/AXI_LITE_IPIF_I/I_SLAVE_ATTACHMENT/INCLUDE_DPHASE_TIMER.dpto_cnt_reg[6]/C
                               i_ps/system_i/system_i/axi_protocol_converter_0/inst/gen_axilite.gen_b2s_conv.axilite_b2s/RD.ar_channel_0/cmd_translator_0/incr_cmd_0/axaddr_incr_reg[4]/CE
                                                              0.097         
i_ps/system_i/system_i/xadc/inst/AXI_LITE_IPIF_I/I_SLAVE_ATTACHMENT/INCLUDE_DPHASE_TIMER.dpto_cnt_reg[6]/C
                               i_ps/system_i/system_i/axi_protocol_converter_0/inst/gen_axilite.gen_b2s_conv.axilite_b2s/RD.ar_channel_0/cmd_translator_0/incr_cmd_0/axaddr_incr_reg[5]/CE
                                                              0.097         
i_ps/system_i/system_i/axi_protocol_converter_0/inst/gen_axilite.gen_b2s_conv.axilite_b2s/SI_REG/ar.ar_pipe/m_payload_i_reg[5]/C
                               i_ps/system_i/system_i/xadc/inst/AXI_XADC_CORE_I/XADC_INST/DADDR[3]
                                                              0.103         
i_ps/system_i/system_i/axi_protocol_converter_0/inst/gen_axilite.gen_b2s_conv.axilite_b2s/SI_REG/aw.aw_pipe/m_payload_i_reg[39]/C
                               i_ps/system_i/system_i/axi_protocol_converter_0/inst/gen_axilite.gen_b2s_conv.axilite_b2s/WR.aw_channel_0/cmd_translator_0/incr_cmd_0/axaddr_incr_reg[2]/D
                                                              0.106         
pwm_rstn_reg/C                 pwm[2]/pwm_o_reg/R             0.126         
pwm[3]/vcnt_reg[2]/C           pwm[3]/bcnt_reg[0]/CE          0.131         
pwm[3]/vcnt_reg[2]/C           pwm[3]/bcnt_reg[1]/CE          0.131         
pwm[3]/vcnt_reg[2]/C           pwm[3]/bcnt_reg[2]/CE          0.131         
pwm[3]/vcnt_reg[2]/C           pwm[3]/bcnt_reg[3]/CE          0.131         
i_ps/system_i/system_i/axi_protocol_converter_0/inst/gen_axilite.gen_b2s_conv.axilite_b2s/SI_REG/ar.ar_pipe/m_payload_i_reg[5]/C
                               i_ps/system_i/system_i/xadc/inst/AXI_LITE_IPIF_I/I_SLAVE_ATTACHMENT/I_DECODER/GEN_BKEND_CE_REGISTERS[0].ce_out_i_reg[0]/D
                                                              0.135         
i_ps/system_i/system_i/axi_protocol_converter_0/inst/gen_axilite.gen_b2s_conv.axilite_b2s/WR.b_channel_0/bid_fifo_0/memory_reg[3][3]_srl4/CLK
                               i_ps/system_i/system_i/axi_protocol_converter_0/inst/gen_axilite.gen_b2s_conv.axilite_b2s/WR.b_channel_0/bresp_fifo_0/memory_reg[3][1]_srl4/CE
                                                              0.152         
i_ps/system_i/system_i/axi_protocol_converter_0/inst/gen_axilite.gen_b2s_conv.axilite_b2s/SI_REG/aw.aw_pipe/m_payload_i_reg[39]/C
                               i_ps/system_i/system_i/axi_protocol_converter_0/inst/gen_axilite.gen_b2s_conv.axilite_b2s/WR.aw_channel_0/cmd_translator_0/incr_cmd_0/axaddr_incr_reg[5]/D
                                                              0.165         
pwm[3]/vcnt_reg[2]/C           pwm[3]/v_reg[0]/CE             0.171         
pwm[3]/vcnt_reg[2]/C           pwm[3]/v_reg[1]/CE             0.171         
pwm[3]/vcnt_reg[2]/C           pwm[3]/v_reg[2]/CE             0.171         
pwm[3]/vcnt_reg[2]/C           pwm[3]/v_reg[3]/CE             0.171         
pwm[3]/vcnt_reg[2]/C           pwm[3]/v_reg[4]/CE             0.171         
pwm[3]/vcnt_reg[2]/C           pwm[3]/vcnt_reg[6]/CE          0.172         
pwm[3]/vcnt_reg[2]/C           pwm[3]/vcnt_reg[7]/CE          0.172         
i_ps/system_i/system_i/axi_protocol_converter_0/inst/gen_axilite.gen_b2s_conv.axilite_b2s/SI_REG/aw.aw_pipe/m_payload_i_reg[39]/C
                               i_ps/system_i/system_i/axi_protocol_converter_0/inst/gen_axilite.gen_b2s_conv.axilite_b2s/WR.aw_channel_0/cmd_translator_0/incr_cmd_0/axaddr_incr_reg[8]/D
                                                              0.185         
i_ps/system_i/system_i/axi_protocol_converter_0/inst/gen_axilite.gen_b2s_conv.axilite_b2s/WR.aw_channel_0/aw_cmd_fsm_0/FSM_sequential_state_reg[1]/C
                               i_ps/system_i/system_i/xadc/inst/AXI_LITE_IPIF_I/I_SLAVE_ATTACHMENT/I_DECODER/GEN_BKEND_CE_REGISTERS[16].ce_out_i_reg[16]/D
                                                              0.186         
i_ps/system_i/system_i/xadc/inst/AXI_LITE_IPIF_I/I_SLAVE_ATTACHMENT/INCLUDE_DPHASE_TIMER.dpto_cnt_reg[6]/C
                               i_ps/system_i/system_i/axi_protocol_converter_0/inst/gen_axilite.gen_b2s_conv.axilite_b2s/RD.ar_channel_0/cmd_translator_0/incr_cmd_0/axaddr_incr_reg[3]/D
                                                              0.186         
i_ps/system_i/system_i/axi_protocol_converter_0/inst/gen_axilite.gen_b2s_conv.axilite_b2s/WR.aw_channel_0/aw_cmd_fsm_0/FSM_sequential_state_reg[1]/C
                               i_ps/system_i/system_i/xadc/inst/AXI_LITE_IPIF_I/I_SLAVE_ATTACHMENT/I_DECODER/GEN_BKEND_CE_REGISTERS[23].ce_out_i_reg[23]/D
                                                              0.188         
i_ps/system_i/system_i/axi_protocol_converter_0/inst/gen_axilite.gen_b2s_conv.axilite_b2s/RD.r_channel_0/rd_data_fifo_0/cnt_read_reg[2]/C
                               i_ps/system_i/system_i/axi_protocol_converter_0/inst/gen_axilite.gen_b2s_conv.axilite_b2s/RD.ar_channel_0/cmd_translator_0/s_axburst_eq0_reg/CE
                                                              0.196         
i_ps/system_i/system_i/axi_protocol_converter_0/inst/gen_axilite.gen_b2s_conv.axilite_b2s/RD.r_channel_0/rd_data_fifo_0/cnt_read_reg[2]/C
                               i_ps/system_i/system_i/axi_protocol_converter_0/inst/gen_axilite.gen_b2s_conv.axilite_b2s/RD.ar_channel_0/cmd_translator_0/s_axburst_eq1_reg/CE
                                                              0.196         
i_ps/system_i/system_i/axi_protocol_converter_0/inst/gen_axilite.gen_b2s_conv.axilite_b2s/WR.aw_channel_0/cmd_translator_0/wrap_cmd_0/sel_first_reg/C
                               i_ps/system_i/system_i/xadc/inst/AXI_LITE_IPIF_I/I_SLAVE_ATTACHMENT/I_DECODER/GEN_BKEND_CE_REGISTERS[22].ce_out_i_reg[22]/D
                                                              0.198         
i_ps/system_i/system_i/axi_protocol_converter_0/inst/gen_axilite.gen_b2s_conv.axilite_b2s/WR.aw_channel_0/cmd_translator_0/wrap_cmd_0/sel_first_reg/C
                               i_ps/system_i/system_i/xadc/inst/AXI_XADC_CORE_I/XADC_INST/DADDR[4]
                                                              0.199         
pwm[3]/vcnt_reg[2]/C           pwm[3]/v_reg[5]/CE             0.210         
pwm[3]/vcnt_reg[2]/C           pwm[3]/v_reg[6]/CE             0.210         
pwm[3]/vcnt_reg[2]/C           pwm[3]/v_reg[7]/CE             0.210         
i_ps/system_i/system_i/axi_protocol_converter_0/inst/gen_axilite.gen_b2s_conv.axilite_b2s/SI_REG/ar.ar_pipe/m_payload_i_reg[5]/C
                               i_ps/system_i/system_i/xadc/inst/AXI_LITE_IPIF_I/I_SLAVE_ATTACHMENT/I_DECODER/GEN_BKEND_CE_REGISTERS[5].ce_out_i_reg[5]/D
                                                              0.213         
i_ps/system_i/system_i/axi_protocol_converter_0/inst/gen_axilite.gen_b2s_conv.axilite_b2s/SI_REG/ar.ar_pipe/m_payload_i_reg[5]/C
                               i_ps/system_i/system_i/xadc/inst/AXI_LITE_IPIF_I/I_SLAVE_ATTACHMENT/I_DECODER/GEN_BKEND_CE_REGISTERS[1].ce_out_i_reg[1]/D
                                                              0.220         
i_ps/system_i/system_i/xadc/inst/AXI_LITE_IPIF_I/I_SLAVE_ATTACHMENT/INCLUDE_DPHASE_TIMER.dpto_cnt_reg[6]/C
                               i_ps/system_i/system_i/axi_protocol_converter_0/inst/gen_axilite.gen_b2s_conv.axilite_b2s/RD.ar_channel_0/cmd_translator_0/incr_cmd_0/axaddr_incr_reg[1]/CE
                                                              0.221         
i_ps/system_i/system_i/xadc/inst/AXI_LITE_IPIF_I/I_SLAVE_ATTACHMENT/INCLUDE_DPHASE_TIMER.dpto_cnt_reg[6]/C
                               i_ps/system_i/system_i/axi_protocol_converter_0/inst/gen_axilite.gen_b2s_conv.axilite_b2s/RD.ar_channel_0/cmd_translator_0/incr_cmd_0/axaddr_incr_reg[2]/CE
                                                              0.221         
i_ps/system_i/system_i/xadc/inst/AXI_LITE_IPIF_I/I_SLAVE_ATTACHMENT/INCLUDE_DPHASE_TIMER.dpto_cnt_reg[6]/C
                               i_ps/system_i/system_i/axi_protocol_converter_0/inst/gen_axilite.gen_b2s_conv.axilite_b2s/RD.ar_channel_0/cmd_translator_0/wrap_cmd_0/wrap_cnt_r_reg[0]/CE
                                                              0.231         
i_ps/system_i/system_i/xadc/inst/AXI_LITE_IPIF_I/I_SLAVE_ATTACHMENT/INCLUDE_DPHASE_TIMER.dpto_cnt_reg[6]/C
                               i_ps/system_i/system_i/axi_protocol_converter_0/inst/gen_axilite.gen_b2s_conv.axilite_b2s/RD.ar_channel_0/cmd_translator_0/wrap_cmd_0/wrap_cnt_r_reg[1]/CE
                                                              0.231         
i_ps/system_i/system_i/xadc/inst/AXI_LITE_IPIF_I/I_SLAVE_ATTACHMENT/INCLUDE_DPHASE_TIMER.dpto_cnt_reg[6]/C
                               i_ps/system_i/system_i/axi_protocol_converter_0/inst/gen_axilite.gen_b2s_conv.axilite_b2s/RD.ar_channel_0/cmd_translator_0/wrap_cmd_0/wrap_cnt_r_reg[2]/CE
                                                              0.231         
i_ps/system_i/system_i/axi_protocol_converter_0/inst/gen_axilite.gen_b2s_conv.axilite_b2s/WR.aw_channel_0/aw_cmd_fsm_0/FSM_sequential_state_reg[1]/C
                               i_ps/system_i/system_i/xadc/inst/AXI_LITE_IPIF_I/I_SLAVE_ATTACHMENT/I_DECODER/GEN_BKEND_CE_REGISTERS[18].ce_out_i_reg[18]/D
                                                              0.237         
i_ps/system_i/system_i/axi_protocol_converter_0/inst/gen_axilite.gen_b2s_conv.axilite_b2s/SI_REG/ar.ar_pipe/m_payload_i_reg[2]/C
                               i_ps/system_i/system_i/xadc/inst/AXI_XADC_CORE_I/XADC_INST/DADDR[0]
                                                              0.240         
i_ps/system_i/system_i/axi_protocol_converter_0/inst/gen_axilite.gen_b2s_conv.axilite_b2s/SI_REG/aw.aw_pipe/m_payload_i_reg[39]/C
                               i_ps/system_i/system_i/axi_protocol_converter_0/inst/gen_axilite.gen_b2s_conv.axilite_b2s/WR.aw_channel_0/cmd_translator_0/incr_cmd_0/axlen_cnt_reg[4]/CE
                                                              0.256         
i_ps/system_i/system_i/axi_protocol_converter_0/inst/gen_axilite.gen_b2s_conv.axilite_b2s/SI_REG/aw.aw_pipe/m_payload_i_reg[39]/C
                               i_ps/system_i/system_i/axi_protocol_converter_0/inst/gen_axilite.gen_b2s_conv.axilite_b2s/WR.aw_channel_0/cmd_translator_0/incr_cmd_0/axlen_cnt_reg[5]/CE
                                                              0.256         
i_ps/system_i/system_i/axi_protocol_converter_0/inst/gen_axilite.gen_b2s_conv.axilite_b2s/SI_REG/aw.aw_pipe/m_payload_i_reg[39]/C
                               i_ps/system_i/system_i/axi_protocol_converter_0/inst/gen_axilite.gen_b2s_conv.axilite_b2s/WR.aw_channel_0/cmd_translator_0/incr_cmd_0/axlen_cnt_reg[6]/CE
                                                              0.256         
i_ps/system_i/system_i/axi_protocol_converter_0/inst/gen_axilite.gen_b2s_conv.axilite_b2s/SI_REG/aw.aw_pipe/m_payload_i_reg[39]/C
                               i_ps/system_i/system_i/axi_protocol_converter_0/inst/gen_axilite.gen_b2s_conv.axilite_b2s/WR.aw_channel_0/cmd_translator_0/incr_cmd_0/axlen_cnt_reg[7]/CE
                                                              0.256         
i_ps/system_i/system_i/axi_protocol_converter_0/inst/gen_axilite.gen_b2s_conv.axilite_b2s/SI_REG/ar.ar_pipe/m_payload_i_reg[46]/C
                               i_ps/system_i/system_i/axi_protocol_converter_0/inst/gen_axilite.gen_b2s_conv.axilite_b2s/RD.ar_channel_0/cmd_translator_0/wrap_cmd_0/wrap_cnt_r_reg[2]/D
                                                              0.258         
i_ps/system_i/system_i/axi_protocol_converter_0/inst/gen_axilite.gen_b2s_conv.axilite_b2s/RD.r_channel_0/rd_data_fifo_0/cnt_read_reg[2]/C
                               i_ps/system_i/system_i/axi_protocol_converter_0/inst/gen_axilite.gen_b2s_conv.axilite_b2s/RD.ar_channel_0/cmd_translator_0/wrap_cmd_0/sel_first_reg/CE
                                                              0.267         
i_ps/system_i/system_i/axi_protocol_converter_0/inst/gen_axilite.gen_b2s_conv.axilite_b2s/SI_REG/aw.aw_pipe/m_payload_i_reg[39]/C
                               i_ps/system_i/system_i/axi_protocol_converter_0/inst/gen_axilite.gen_b2s_conv.axilite_b2s/WR.aw_channel_0/cmd_translator_0/incr_cmd_0/axaddr_incr_reg[8]/CE
                                                              0.271         
i_ps/system_i/system_i/axi_protocol_converter_0/inst/gen_axilite.gen_b2s_conv.axilite_b2s/SI_REG/aw.aw_pipe/m_payload_i_reg[39]/C
                               i_ps/system_i/system_i/axi_protocol_converter_0/inst/gen_axilite.gen_b2s_conv.axilite_b2s/WR.aw_channel_0/cmd_translator_0/incr_cmd_0/axaddr_incr_reg[9]/CE
                                                              0.271         
i_ps/system_i/system_i/axi_protocol_converter_0/inst/gen_axilite.gen_b2s_conv.axilite_b2s/RD.ar_channel_0/ar_cmd_fsm_0/FSM_sequential_state_reg[0]/C
                               i_ps/system_i/system_i/xadc/inst/SOFT_RESET_I/reset_trig_reg/D
                                                              0.288         
i_ps/system_i/system_i/processing_system7/inst/PS7_i/MAXIGP1ACLK
                               i_ps/system_i/system_i/xadc/inst/INTR_CTRLR_GEN_I.ip2bus_error_reg/D
                                                              0.289         
i_ps/system_i/system_i/axi_protocol_converter_0/inst/gen_axilite.gen_b2s_conv.axilite_b2s/WR.aw_channel_0/aw_cmd_fsm_0/FSM_sequential_state_reg[1]/C
                               i_ps/system_i/system_i/xadc/inst/AXI_LITE_IPIF_I/I_SLAVE_ATTACHMENT/I_DECODER/GEN_BKEND_CE_REGISTERS[9].ce_out_i_reg[9]/D
                                                              0.311         
i_ps/system_i/system_i/axi_protocol_converter_0/inst/gen_axilite.gen_b2s_conv.axilite_b2s/RD.ar_channel_0/cmd_translator_0/wrap_cmd_0/axaddr_wrap_reg[4]/C
                               i_ps/system_i/system_i/xadc/inst/AXI_XADC_CORE_I/XADC_INST/DADDR[2]
                                                              0.314         
i_ps/system_i/system_i/axi_protocol_converter_0/inst/gen_axilite.gen_b2s_conv.axilite_b2s/WR.aw_channel_0/aw_cmd_fsm_0/FSM_sequential_state_reg[1]/C
                               i_ps/system_i/system_i/xadc/inst/AXI_LITE_IPIF_I/I_SLAVE_ATTACHMENT/I_DECODER/GEN_BKEND_CE_REGISTERS[11].ce_out_i_reg[11]/D
                                                              0.316         
i_ps/system_i/system_i/axi_protocol_converter_0/inst/gen_axilite.gen_b2s_conv.axilite_b2s/SI_REG/aw.aw_pipe/m_payload_i_reg[39]/C
                               i_ps/system_i/system_i/axi_protocol_converter_0/inst/gen_axilite.gen_b2s_conv.axilite_b2s/WR.aw_channel_0/cmd_translator_0/incr_cmd_0/axaddr_incr_reg[6]/D
                                                              0.317         
i_ps/system_i/system_i/xadc/inst/AXI_LITE_IPIF_I/I_SLAVE_ATTACHMENT/INCLUDE_DPHASE_TIMER.dpto_cnt_reg[6]/C
                               i_ps/system_i/system_i/axi_protocol_converter_0/inst/gen_axilite.gen_b2s_conv.axilite_b2s/RD.ar_channel_0/cmd_translator_0/incr_cmd_0/axaddr_incr_reg[2]/D
                                                              0.317         
pwm_rstn_reg/C                 pwm[3]/pwm_o_reg/R             0.339         
i_ps/system_i/system_i/axi_protocol_converter_0/inst/gen_axilite.gen_b2s_conv.axilite_b2s/SI_REG/ar.ar_pipe/m_payload_i_reg[3]/C
                               i_ps/system_i/system_i/xadc/inst/AXI_XADC_CORE_I/XADC_INST/DADDR[1]
                                                              0.341         
i_ps/system_i/system_i/axi_protocol_converter_0/inst/gen_axilite.gen_b2s_conv.axilite_b2s/SI_REG/aw.aw_pipe/m_payload_i_reg[39]/C
                               i_ps/system_i/system_i/axi_protocol_converter_0/inst/gen_axilite.gen_b2s_conv.axilite_b2s/WR.aw_channel_0/cmd_translator_0/wrap_cmd_0/wrap_cnt_r_reg[0]/CE
                                                              0.347         
i_ps/system_i/system_i/axi_protocol_converter_0/inst/gen_axilite.gen_b2s_conv.axilite_b2s/SI_REG/aw.aw_pipe/m_payload_i_reg[39]/C
                               i_ps/system_i/system_i/axi_protocol_converter_0/inst/gen_axilite.gen_b2s_conv.axilite_b2s/WR.aw_channel_0/cmd_translator_0/wrap_cmd_0/wrap_cnt_r_reg[1]/CE
                                                              0.347         
i_ps/system_i/system_i/axi_protocol_converter_0/inst/gen_axilite.gen_b2s_conv.axilite_b2s/SI_REG/aw.aw_pipe/m_payload_i_reg[39]/C
                               i_ps/system_i/system_i/axi_protocol_converter_0/inst/gen_axilite.gen_b2s_conv.axilite_b2s/WR.aw_channel_0/cmd_translator_0/wrap_cmd_0/wrap_cnt_r_reg[2]/CE
                                                              0.347         
i_ps/system_i/system_i/axi_protocol_converter_0/inst/gen_axilite.gen_b2s_conv.axilite_b2s/SI_REG/aw.aw_pipe/m_payload_i_reg[39]/C
                               i_ps/system_i/system_i/axi_protocol_converter_0/inst/gen_axilite.gen_b2s_conv.axilite_b2s/WR.aw_channel_0/cmd_translator_0/incr_cmd_0/axaddr_incr_reg[3]/D
                                                              0.358         
i_ps/system_i/system_i/axi_protocol_converter_0/inst/gen_axilite.gen_b2s_conv.axilite_b2s/WR.aw_channel_0/aw_cmd_fsm_0/FSM_sequential_state_reg[1]/C
                               i_ps/system_i/system_i/xadc/inst/AXI_LITE_IPIF_I/I_SLAVE_ATTACHMENT/I_DECODER/GEN_BKEND_CE_REGISTERS[17].ce_out_i_reg[17]/D
                                                              0.358         
i_ps/system_i/system_i/axi_protocol_converter_0/inst/gen_axilite.gen_b2s_conv.axilite_b2s/SI_REG/aw.aw_pipe/m_payload_i_reg[39]/C
                               i_ps/system_i/system_i/axi_protocol_converter_0/inst/gen_axilite.gen_b2s_conv.axilite_b2s/WR.aw_channel_0/cmd_translator_0/incr_cmd_0/axlen_cnt_reg[4]/R
                                                              0.358         
i_ps/system_i/system_i/axi_protocol_converter_0/inst/gen_axilite.gen_b2s_conv.axilite_b2s/SI_REG/aw.aw_pipe/m_payload_i_reg[39]/C
                               i_ps/system_i/system_i/axi_protocol_converter_0/inst/gen_axilite.gen_b2s_conv.axilite_b2s/WR.aw_channel_0/cmd_translator_0/incr_cmd_0/axlen_cnt_reg[5]/R
                                                              0.358         
i_ps/system_i/system_i/axi_protocol_converter_0/inst/gen_axilite.gen_b2s_conv.axilite_b2s/SI_REG/aw.aw_pipe/m_payload_i_reg[39]/C
                               i_ps/system_i/system_i/axi_protocol_converter_0/inst/gen_axilite.gen_b2s_conv.axilite_b2s/WR.aw_channel_0/cmd_translator_0/incr_cmd_0/axlen_cnt_reg[6]/R
                                                              0.358         
i_ps/system_i/system_i/axi_protocol_converter_0/inst/gen_axilite.gen_b2s_conv.axilite_b2s/SI_REG/aw.aw_pipe/m_payload_i_reg[39]/C
                               i_ps/system_i/system_i/axi_protocol_converter_0/inst/gen_axilite.gen_b2s_conv.axilite_b2s/WR.aw_channel_0/cmd_translator_0/incr_cmd_0/axlen_cnt_reg[7]/R
                                                              0.358         
i_ps/system_i/system_i/axi_protocol_converter_0/inst/gen_axilite.gen_b2s_conv.axilite_b2s/WR.b_channel_0/bresp_fifo_0/cnt_read_reg[1]/C
                               i_ps/system_i/system_i/xadc/inst/AXI_LITE_IPIF_I/I_SLAVE_ATTACHMENT/INCLUDE_DPHASE_TIMER.dpto_cnt_reg[0]/CE
                                                              0.360         
i_ps/system_i/system_i/axi_protocol_converter_0/inst/gen_axilite.gen_b2s_conv.axilite_b2s/WR.b_channel_0/bresp_fifo_0/cnt_read_reg[1]/C
                               i_ps/system_i/system_i/xadc/inst/AXI_LITE_IPIF_I/I_SLAVE_ATTACHMENT/INCLUDE_DPHASE_TIMER.dpto_cnt_reg[1]/CE
                                                              0.360         
i_ps/system_i/system_i/axi_protocol_converter_0/inst/gen_axilite.gen_b2s_conv.axilite_b2s/WR.b_channel_0/bresp_fifo_0/cnt_read_reg[1]/C
                               i_ps/system_i/system_i/xadc/inst/AXI_LITE_IPIF_I/I_SLAVE_ATTACHMENT/INCLUDE_DPHASE_TIMER.dpto_cnt_reg[2]/CE
                                                              0.360         
i_ps/system_i/system_i/axi_protocol_converter_0/inst/gen_axilite.gen_b2s_conv.axilite_b2s/WR.b_channel_0/bresp_fifo_0/cnt_read_reg[1]/C
                               i_ps/system_i/system_i/xadc/inst/AXI_LITE_IPIF_I/I_SLAVE_ATTACHMENT/INCLUDE_DPHASE_TIMER.dpto_cnt_reg[3]/CE
                                                              0.360         
i_ps/system_i/system_i/axi_protocol_converter_0/inst/gen_axilite.gen_b2s_conv.axilite_b2s/WR.b_channel_0/bresp_fifo_0/cnt_read_reg[1]/C
                               i_ps/system_i/system_i/xadc/inst/AXI_LITE_IPIF_I/I_SLAVE_ATTACHMENT/INCLUDE_DPHASE_TIMER.dpto_cnt_reg[4]/CE
                                                              0.360         
i_ps/system_i/system_i/axi_protocol_converter_0/inst/gen_axilite.gen_b2s_conv.axilite_b2s/WR.b_channel_0/bresp_fifo_0/cnt_read_reg[1]/C
                               i_ps/system_i/system_i/xadc/inst/AXI_LITE_IPIF_I/I_SLAVE_ATTACHMENT/INCLUDE_DPHASE_TIMER.dpto_cnt_reg[5]/CE
                                                              0.360         
i_ps/system_i/system_i/axi_protocol_converter_0/inst/gen_axilite.gen_b2s_conv.axilite_b2s/SI_REG/aw.aw_pipe/m_payload_i_reg[39]/C
                               i_ps/system_i/system_i/axi_protocol_converter_0/inst/gen_axilite.gen_b2s_conv.axilite_b2s/WR.aw_channel_0/cmd_translator_0/incr_cmd_0/axaddr_incr_reg[7]/D
                                                              0.365         
i_ps/system_i/system_i/axi_protocol_converter_0/inst/gen_axilite.gen_b2s_conv.axilite_b2s/WR.aw_channel_0/aw_cmd_fsm_0/FSM_sequential_state_reg[1]/C
                               i_ps/system_i/system_i/xadc/inst/AXI_LITE_IPIF_I/I_SLAVE_ATTACHMENT/I_DECODER/GEN_BKEND_CE_REGISTERS[19].ce_out_i_reg[19]/D
                                                              0.375         
i_ps/system_i/system_i/xadc/inst/AXI_LITE_IPIF_I/I_SLAVE_ATTACHMENT/INCLUDE_DPHASE_TIMER.dpto_cnt_reg[6]/C
                               i_ps/system_i/system_i/axi_protocol_converter_0/inst/gen_axilite.gen_b2s_conv.axilite_b2s/RD.ar_channel_0/cmd_translator_0/incr_cmd_0/axaddr_incr_reg[1]/D
                                                              0.381         
i_ps/system_i/system_i/axi_protocol_converter_0/inst/gen_axilite.gen_b2s_conv.axilite_b2s/SI_REG/aw.aw_pipe/m_payload_i_reg[39]/C
                               i_ps/system_i/system_i/axi_protocol_converter_0/inst/gen_axilite.gen_b2s_conv.axilite_b2s/WR.aw_channel_0/cmd_translator_0/incr_cmd_0/axaddr_incr_reg[0]/D
                                                              0.384         
i_ps/system_i/system_i/xadc/inst/AXI_LITE_IPIF_I/I_SLAVE_ATTACHMENT/INCLUDE_DPHASE_TIMER.dpto_cnt_reg[6]/C
                               i_ps/system_i/system_i/axi_protocol_converter_0/inst/gen_axilite.gen_b2s_conv.axilite_b2s/RD.ar_channel_0/cmd_translator_0/wrap_cmd_0/axaddr_wrap_reg[6]/D
                                                              0.385         
i_ps/system_i/system_i/axi_protocol_converter_0/inst/gen_axilite.gen_b2s_conv.axilite_b2s/WR.aw_channel_0/aw_cmd_fsm_0/FSM_sequential_state_reg[1]/C
                               i_ps/system_i/system_i/xadc/inst/AXI_LITE_IPIF_I/I_SLAVE_ATTACHMENT/I_DECODER/GEN_BKEND_CE_REGISTERS[8].ce_out_i_reg[8]/D
                                                              0.405         
pwm[0]/vcnt_reg[2]/C           pwm[0]/b_reg[2]/CE             0.407         
pwm[0]/vcnt_reg[2]/C           pwm[0]/b_reg[3]/CE             0.407         
i_ps/system_i/system_i/axi_protocol_converter_0/inst/gen_axilite.gen_b2s_conv.axilite_b2s/WR.aw_channel_0/aw_cmd_fsm_0/FSM_sequential_state_reg[1]/C
                               i_ps/system_i/system_i/xadc/inst/AXI_LITE_IPIF_I/I_SLAVE_ATTACHMENT/I_DECODER/GEN_BKEND_CE_REGISTERS[10].ce_out_i_reg[10]/D
                                                              0.412         
i_ps/system_i/system_i/xadc/inst/AXI_LITE_IPIF_I/I_SLAVE_ATTACHMENT/INCLUDE_DPHASE_TIMER.dpto_cnt_reg[6]/C
                               i_ps/system_i/system_i/axi_protocol_converter_0/inst/gen_axilite.gen_b2s_conv.axilite_b2s/RD.ar_channel_0/cmd_translator_0/incr_cmd_0/axaddr_incr_reg[6]/CE
                                                              0.418         
i_ps/system_i/system_i/xadc/inst/AXI_LITE_IPIF_I/I_SLAVE_ATTACHMENT/INCLUDE_DPHASE_TIMER.dpto_cnt_reg[6]/C
                               i_ps/system_i/system_i/axi_protocol_converter_0/inst/gen_axilite.gen_b2s_conv.axilite_b2s/RD.ar_channel_0/cmd_translator_0/incr_cmd_0/axaddr_incr_reg[7]/CE
                                                              0.418         
pwm[1]/vcnt_reg[4]/C           pwm[1]/v_reg[1]/CE             0.431         
pwm[1]/vcnt_reg[4]/C           pwm[1]/v_reg[3]/CE             0.431         
pwm[1]/vcnt_reg[4]/C           pwm[1]/v_reg[6]/CE             0.431         
pwm[1]/vcnt_reg[4]/C           pwm[1]/b_reg[0]/CE             0.454         
pwm[1]/vcnt_reg[4]/C           pwm[1]/b_reg[1]/CE             0.454         
pwm[3]/vcnt_reg[2]/C           pwm[3]/b_reg[1]/CE             0.516         
pwm[3]/vcnt_reg[2]/C           pwm[3]/b_reg[2]/CE             0.516         
pwm[3]/vcnt_reg[2]/C           pwm[3]/b_reg[3]/CE             0.516         
pwm[1]/vcnt_reg[4]/C           pwm[1]/b_reg[10]/CE            0.536         
pwm[1]/vcnt_reg[4]/C           pwm[1]/b_reg[11]/CE            0.536         
pwm[1]/vcnt_reg[4]/C           pwm[1]/b_reg[8]/CE             0.536         
pwm[1]/vcnt_reg[4]/C           pwm[1]/b_reg[9]/CE             0.536         
pwm[0]/vcnt_reg[2]/C           pwm[0]/b_reg[0]/CE             0.545         
pwm[0]/vcnt_reg[2]/C           pwm[0]/b_reg[4]/CE             0.545         
pwm[0]/vcnt_reg[2]/C           pwm[0]/b_reg[5]/CE             0.545         
pwm[0]/vcnt_reg[2]/C           pwm[0]/b_reg[6]/CE             0.545         
pwm[0]/vcnt_reg[2]/C           pwm[0]/v_reg[0]/CE             0.572         
pwm[0]/vcnt_reg[2]/C           pwm[0]/v_reg[2]/CE             0.572         
pwm[0]/vcnt_reg[2]/C           pwm[0]/v_reg[4]/CE             0.572         
pwm[0]/vcnt_reg[2]/C           pwm[0]/v_reg[5]/CE             0.572         
pwm[0]/vcnt_reg[2]/C           pwm[0]/b_reg[11]/CE            0.581         
pwm[0]/vcnt_reg[2]/C           pwm[0]/b_reg[12]/CE            0.581         
pwm[0]/vcnt_reg[2]/C           pwm[0]/b_reg[1]/CE             0.581         
pwm[0]/vcnt_reg[2]/C           pwm[0]/b_reg[7]/CE             0.581         
pwm[1]/vcnt_reg[4]/C           pwm[1]/b_reg[2]/CE             0.587         
pwm[1]/vcnt_reg[4]/C           pwm[1]/b_reg[3]/CE             0.587         
pwm[1]/vcnt_reg[4]/C           pwm[1]/b_reg[4]/CE             0.587         
pwm[1]/vcnt_reg[4]/C           pwm[1]/b_reg[5]/CE             0.587         
i_ams/dac_c_o_reg[16]/C        pwm[2]/v_reg[0]/D              0.590         
pwm[3]/vcnt_reg[2]/C           pwm[3]/vcnt_reg[1]/CE          0.593         
pwm[3]/vcnt_reg[2]/C           pwm[3]/vcnt_reg[2]/CE          0.593         
pwm[3]/vcnt_reg[2]/C           pwm[3]/vcnt_reg[3]/CE          0.593         
pwm[3]/vcnt_reg[2]/C           pwm[3]/vcnt_reg[4]/CE          0.593         
pwm[3]/vcnt_reg[2]/C           pwm[3]/vcnt_reg[5]/CE          0.593         
pwm[3]/vcnt_reg[2]/C           pwm[3]/b_reg[0]/CE             0.603         
pwm[3]/vcnt_reg[2]/C           pwm[3]/b_reg[12]/CE            0.603         
pwm[3]/vcnt_reg[2]/C           pwm[3]/b_reg[13]/CE            0.603         
pwm[3]/vcnt_reg[2]/C           pwm[3]/b_reg[14]/CE            0.603         
pwm[3]/vcnt_reg[2]/C           pwm[3]/b_reg[15]/CE            0.603         
dac_rst_reg/C                  oddr_dac_dat[5]/R              0.635         
dac_rst_reg/C                  oddr_dac_dat[3]/R              0.643         
dac_rst_reg/C                  oddr_dac_dat[1]/R              0.644         
pwm[1]/vcnt_reg[4]/C           pwm[1]/b_reg[12]/CE            0.645         
pwm[1]/vcnt_reg[4]/C           pwm[1]/b_reg[13]/CE            0.645         
pwm[1]/vcnt_reg[4]/C           pwm[1]/b_reg[14]/CE            0.645         
pwm[1]/vcnt_reg[4]/C           pwm[1]/b_reg[6]/CE             0.645         
pwm[1]/vcnt_reg[4]/C           pwm[1]/b_reg[7]/CE             0.645         
i_ams/dac_d_o_reg[15]/C        pwm[3]/b_reg[15]/D             0.647         
pwm[2]/vcnt_reg[4]/C           pwm[2]/v_reg[0]/CE             0.659         
pwm[2]/vcnt_reg[4]/C           pwm[2]/v_reg[1]/CE             0.659         
pwm[2]/vcnt_reg[4]/C           pwm[2]/v_reg[2]/CE             0.659         
pwm[2]/vcnt_reg[4]/C           pwm[2]/v_reg[3]/CE             0.659         
pwm[2]/vcnt_reg[4]/C           pwm[2]/v_reg[4]/CE             0.659         
pwm[2]/vcnt_reg[4]/C           pwm[2]/v_reg[5]/CE             0.659         
pwm[2]/vcnt_reg[4]/C           pwm[2]/v_reg[6]/CE             0.659         
pwm[2]/vcnt_reg[4]/C           pwm[2]/v_reg[7]/CE             0.659         
dac_rst_reg/C                  oddr_dac_dat[2]/R              0.668         
pwm[2]/vcnt_reg[4]/C           pwm[2]/b_reg[11]/CE            0.669         
pwm[2]/vcnt_reg[4]/C           pwm[2]/b_reg[12]/CE            0.669         
pwm[2]/vcnt_reg[4]/C           pwm[2]/b_reg[13]/CE            0.669         
dac_rst_reg/C                  oddr_dac_dat[11]/R             0.674         
dac_rst_reg/C                  oddr_dac_dat[0]/R              0.692         
pwm[0]/vcnt_reg[2]/C           pwm[0]/bcnt_reg[0]/CE          0.694         
pwm[0]/vcnt_reg[2]/C           pwm[0]/bcnt_reg[1]/CE          0.694         
pwm[0]/vcnt_reg[2]/C           pwm[0]/bcnt_reg[2]/CE          0.694         
pwm[0]/vcnt_reg[2]/C           pwm[0]/bcnt_reg[3]/CE          0.694         
pwm_rstn_reg/C                 pwm[0]/pwm_o_reg/R             0.703         
pwm[1]/vcnt_reg[4]/C           pwm[1]/v_reg[0]/CE             0.707         
pwm[1]/vcnt_reg[4]/C           pwm[1]/v_reg[2]/CE             0.707         
pwm[1]/vcnt_reg[4]/C           pwm[1]/v_reg[4]/CE             0.707         
pwm[1]/vcnt_reg[4]/C           pwm[1]/v_reg[5]/CE             0.707         
pwm[1]/vcnt_reg[4]/C           pwm[1]/v_reg[7]/CE             0.707         
pwm[1]/vcnt_reg[4]/C           pwm[1]/bcnt_reg[0]/CE          0.709         
pwm[1]/vcnt_reg[4]/C           pwm[1]/bcnt_reg[1]/CE          0.709         
pwm[1]/vcnt_reg[4]/C           pwm[1]/bcnt_reg[2]/CE          0.709         
pwm[1]/vcnt_reg[4]/C           pwm[1]/bcnt_reg[3]/CE          0.709         
pwm_rstn_reg/C                 pwm[3]/vcnt_reg[6]/R           0.717         
pwm_rstn_reg/C                 pwm[3]/vcnt_reg[7]/R           0.717         
pwm[2]/vcnt_reg[4]/C           pwm[2]/b_reg[3]/CE             0.723         
pwm[2]/vcnt_reg[4]/C           pwm[2]/b_reg[4]/CE             0.723         
pwm[2]/vcnt_reg[4]/C           pwm[2]/b_reg[5]/CE             0.723         
pwm[2]/vcnt_reg[4]/C           pwm[2]/b_reg[6]/CE             0.723         
pwm[2]/vcnt_reg[4]/C           pwm[2]/bcnt_reg[0]/CE          0.730         
pwm[2]/vcnt_reg[4]/C           pwm[2]/bcnt_reg[1]/CE          0.730         
dac_rst_reg/C                  oddr_dac_dat[6]/R              0.773         
dac_rst_reg/C                  oddr_dac_dat[4]/R              0.778         
dac_rst_reg/C                  oddr_dac_dat[13]/R             0.784         
dac_rst_reg/C                  oddr_dac_dat[12]/R             0.786         
dac_rst_reg/C                  oddr_dac_dat[10]/R             0.885         
dac_rst_reg/C                  oddr_dac_dat[7]/R              0.913         
dac_rst_reg/C                  oddr_dac_dat[8]/R              1.073         
dac_rst_reg/C                  oddr_dac_dat[9]/R              1.082         
dac_rst_reg/C                  oddr_dac_sel/R                 1.309         
dac_rst_reg/C                  oddr_dac_rst/D2                1.653         
dac_dat_a_reg[13]/C            oddr_dac_dat[13]/D2            1.814         
dac_dat_a_reg[12]/C            oddr_dac_dat[12]/D2            1.822         
dac_dat_a_reg[0]/C             oddr_dac_dat[0]/D2             1.845         
dac_dat_a_reg[11]/C            oddr_dac_dat[11]/D2            1.856         
dac_dat_a_reg[10]/C            oddr_dac_dat[10]/D2            1.868         
dac_dat_a_reg[7]/C             oddr_dac_dat[7]/D2             1.983         
dac_dat_a_reg[1]/C             oddr_dac_dat[1]/D2             2.023         
dac_dat_a_reg[3]/C             oddr_dac_dat[3]/D2             2.026         
dac_dat_a_reg[9]/C             oddr_dac_dat[9]/D2             2.044         
dac_dat_a_reg[2]/C             oddr_dac_dat[2]/D2             2.048         
dac_dat_a_reg[6]/C             oddr_dac_dat[6]/D2             2.057         
dac_dat_a_reg[8]/C             oddr_dac_dat[8]/D2             2.127         
dac_dat_a_reg[4]/C             oddr_dac_dat[4]/D2             2.191         
dac_dat_a_reg[5]/C             oddr_dac_dat[5]/D2             2.192         
i_dsp/sum2_reg[13]/C           dac_dat_b_reg[5]/D             2.322         
i_dsp/sum2_reg[14]/C           dac_dat_b_reg[1]/D             2.582         
i_dsp/sum2_reg[14]/C           dac_dat_b_reg[6]/D             2.956         
i_dsp/sum1_reg[14]/C           dac_dat_a_reg[5]/D             3.171         
i_dsp/sum1_reg[15]/C           dac_dat_a_reg[3]/D             3.203         
i_dsp/sum1_reg[13]/C           dac_dat_a_reg[6]/D             3.204         
i_dsp/sum1_reg[15]/C           dac_dat_a_reg[1]/D             3.284         
i_dsp/sum2_reg[3]/C            dac_dat_b_reg[3]/D             3.320         
i_dsp/sum2_reg[2]/C            dac_dat_b_reg[2]/D             3.328         
i_dsp/sum1_reg[15]/C           dac_dat_a_reg[0]/D             3.420         
i_dsp/sum2_reg[13]/C           dac_dat_b_reg[4]/D             3.470         
i_dsp/sum2_reg[16]/C           dac_dat_b_reg[12]/D            3.474         
i_dsp/sum2_reg[13]/C           dac_dat_b_reg[9]/D             3.508         
i_dsp/sum1_reg[16]/C           dac_dat_a_reg[12]/D            3.530         
i_dsp/sum2_reg[14]/C           dac_dat_b_reg[10]/D            3.560         
i_dsp/sum1_reg[13]/C           dac_dat_a_reg[2]/D             3.609         
i_dsp/sum2_reg[14]/C           dac_dat_b_reg[0]/D             3.642         
i_dsp/sum1_reg[16]/C           dac_dat_a_reg[4]/D             3.690         
i_dsp/sum1_reg[11]/C           dac_dat_a_reg[11]/D            3.859         
i_dsp/sum2_reg[16]/C           dac_dat_b_reg[7]/D             3.890         
i_dsp/sum1_reg[8]/C            dac_dat_a_reg[8]/D             3.979         
i_dsp/sum2_reg[16]/C           dac_dat_b_reg[8]/D             4.031         
i_dsp/sum1_reg[13]/C           dac_dat_a_reg[7]/D             4.075         
i_dsp/sum1_reg[17]/C           dac_dat_a_reg[13]/D            4.108         
i_dsp/sum2_reg[16]/C           dac_dat_b_reg[11]/D            4.194         
i_dsp/sum1_reg[10]/C           dac_dat_a_reg[10]/D            4.240         
i_dsp/sum1_reg[13]/C           dac_dat_a_reg[9]/D             4.527         
i_dsp/sum2_reg[17]/C           dac_dat_b_reg[13]/D            5.076         
dac_rst_reg/C                  oddr_dac_rst/D1                5.463         
dac_dat_b_reg[12]/C            oddr_dac_dat[12]/D1            5.674         
dac_dat_b_reg[13]/C            oddr_dac_dat[13]/D1            5.808         
dac_dat_b_reg[7]/C             oddr_dac_dat[7]/D1             5.846         
dac_dat_b_reg[0]/C             oddr_dac_dat[0]/D1             5.849         
dac_dat_b_reg[9]/C             oddr_dac_dat[9]/D1             5.900         
dac_dat_b_reg[11]/C            oddr_dac_dat[11]/D1            5.934         
dac_dat_b_reg[6]/C             oddr_dac_dat[6]/D1             5.939         
dac_dat_b_reg[2]/C             oddr_dac_dat[2]/D1             5.983         
dac_dat_b_reg[8]/C             oddr_dac_dat[8]/D1             5.992         
dac_dat_b_reg[10]/C            oddr_dac_dat[10]/D1            6.006         
dac_dat_b_reg[1]/C             oddr_dac_dat[1]/D1             6.023         
dac_dat_b_reg[3]/C             oddr_dac_dat[3]/D1             6.052         
dac_dat_b_reg[4]/C             oddr_dac_dat[4]/D1             6.056         
dac_dat_b_reg[5]/C             oddr_dac_dat[5]/D1             6.057         



